app/build/intermediates/manifest_merge_blame_file/debug/processDebugMainManifest/manifest-merger-blame-debug-report.txt
1<?xml version="1.0" encoding="utf-8"?>
2<manifest xmlns:android="http://schemas.android.com/apk/res/android"
3    package="com.sentinelbet.app"
4    android:versionCode="1"
5    android:versionName="1.0.0" >
6
7    <uses-sdk
8        android:minSdkVersion="26"
9        android:targetSdkVersion="35" />
10
11    <uses-permission android:name="android.permission.INTERNET" />
11-->src\main\AndroidManifest.xml:4:5-67
11-->src\main\AndroidManifest.xml:4:22-64
12
13    <permission
13-->[androidx.core:core:1.13.1] AndroidManifest.xml:22:5-24:47
14        android:name="com.sentinelbet.app.DYNAMIC_RECEIVER_NOT_EXPORTED_PERMISSION"
14-->[androidx.core:core:1.13.1] AndroidManifest.xml:23:9-81
15        android:protectionLevel="signature" />
15-->[androidx.core:core:1.13.1] AndroidManifest.xml:24:9-44
16
17    <uses-permission android:name="com.sentinelbet.app.DYNAMIC_RECEIVER_NOT_EXPORTED_PERMISSION" />
17-->[androidx.core:core:1.13.1] AndroidManifest.xml:26:5-97
17-->[androidx.core:core:1.13.1] AndroidManifest.xml:26:22-94
18
19    <application
19-->src\main\AndroidManifest.xml:6:5-40:19
20        android:name="com.sentinelbet.app.SentinelBetApp"
20-->src\main\AndroidManifest.xml:7:9-39
21        android:allowBackup="true"
21-->src\main\AndroidManifest.xml:8:9-35
22        android:appComponentFactory="androidx.core.app.CoreComponentFactory"
22-->[androidx.core:core:1.13.1] AndroidManifest.xml:28:18-86
23        android:debuggable="true"
24        android:extractNativeLibs="false"
25        android:icon="@mipmap/ic_launcher"
25-->src\main\AndroidManifest.xml:9:9-43
26        android:label="@string/app_name"
26-->src\main\AndroidManifest.xml:10:9-41
27        android:localeConfig="@xml/locale_config"
27-->src\main\AndroidManifest.xml:15:9-50
28        android:networkSecurityConfig="@xml/network_security_config"
28-->src\main\AndroidManifest.xml:14:9-69
29        android:roundIcon="@mipmap/ic_launcher_round"
29-->src\main\AndroidManifest.xml:11:9-54
30        android:supportsRtl="true"
30-->src\main\AndroidManifest.xml:12:9-35
31        android:testOnly="true"
32        android:theme="@style/Theme.SentinelBet" >
32-->src\main\AndroidManifest.xml:13:9-49
33        <activity
33-->src\main\AndroidManifest.xml:17:9-39:20
34            android:name="com.sentinelbet.app.MainActivity"
34-->src\main\AndroidManifest.xml:18:13-41
35            android:exported="true"
35-->src\main\AndroidManifest.xml:19:13-36
36            android:theme="@style/Theme.SentinelBet"
36-->src\main\AndroidManifest.xml:20:13-53
37            android:windowSoftInputMode="adjustResize" >
37-->src\main\AndroidManifest.xml:21:13-55
38            <intent-filter>
38-->src\main\AndroidManifest.xml:22:13-25:29
39                <action android:name="android.intent.action.MAIN" />
39-->src\main\AndroidManifest.xml:23:17-69
39-->src\main\AndroidManifest.xml:23:25-66
40
41                <category android:name="android.intent.category.LAUNCHER" />
41-->src\main\AndroidManifest.xml:24:17-77
41-->src\main\AndroidManifest.xml:24:27-74
42            </intent-filter>
43
44            <!--
45                Deep-link callback for Supabase OAuth flows (Google, etc.)
46                Replace YOUR_PROJECT_REF with your actual Supabase project reference.
47                Add this URL to Supabase Auth → URL Configuration → Redirect URLs:
48                  sentinelbet://login-callback
49            -->
50            <intent-filter android:autoVerify="true" >
50-->src\main\AndroidManifest.xml:33:13-38:29
50-->src\main\AndroidManifest.xml:33:28-53
51                <action android:name="android.intent.action.VIEW" />
51-->src\main\AndroidManifest.xml:34:17-69
51-->src\main\AndroidManifest.xml:34:25-66
52
53                <category android:name="android.intent.category.DEFAULT" />
53-->src\main\AndroidManifest.xml:35:17-76
53-->src\main\AndroidManifest.xml:35:27-73
54                <category android:name="android.intent.category.BROWSABLE" />
54-->src\main\AndroidManifest.xml:36:17-78
54-->src\main\AndroidManifest.xml:36:27-75
55
56                <data
56-->src\main\AndroidManifest.xml:37:17-84
57                    android:host="login-callback"
57-->src\main\AndroidManifest.xml:37:52-81
58                    android:scheme="sentinelbet" />
58-->src\main\AndroidManifest.xml:37:23-51
59            </intent-filter>
60        </activity>
61
62        <provider
62-->[io.github.jan-tennert.supabase:auth-kt-android-debug:3.0.2] AndroidManifest.xml:9:9-17:20
63            android:name="androidx.startup.InitializationProvider"
63-->[io.github.jan-tennert.supabase:auth-kt-android-debug:3.0.2] AndroidManifest.xml:10:13-67
64            android:authorities="com.sentinelbet.app.androidx-startup"
64-->[io.github.jan-tennert.supabase:auth-kt-android-debug:3.0.2] AndroidManifest.xml:11:13-68
65            android:exported="false" >
65-->[io.github.jan-tennert.supabase:auth-kt-android-debug:3.0.2] AndroidManifest.xml:12:13-37
66            <meta-data
66-->[io.github.jan-tennert.supabase:auth-kt-android-debug:3.0.2] AndroidManifest.xml:14:13-16:52
67                android:name="io.github.jan.supabase.auth.SupabaseInitializer"
67-->[io.github.jan-tennert.supabase:auth-kt-android-debug:3.0.2] AndroidManifest.xml:15:17-79
68                android:value="androidx.startup" />
68-->[io.github.jan-tennert.supabase:auth-kt-android-debug:3.0.2] AndroidManifest.xml:16:17-49
69            <meta-data
69-->[androidx.emoji2:emoji2:1.3.0] AndroidManifest.xml:29:13-31:52
70                android:name="androidx.emoji2.text.EmojiCompatInitializer"
70-->[androidx.emoji2:emoji2:1.3.0] AndroidManifest.xml:30:17-75
71                android:value="androidx.startup" />
71-->[androidx.emoji2:emoji2:1.3.0] AndroidManifest.xml:31:17-49
72            <meta-data
72-->[androidx.lifecycle:lifecycle-process:2.8.7] AndroidManifest.xml:29:13-31:52
73                android:name="androidx.lifecycle.ProcessLifecycleInitializer"
73-->[androidx.lifecycle:lifecycle-process:2.8.7] AndroidManifest.xml:30:17-78
74                android:value="androidx.startup" />
74-->[androidx.lifecycle:lifecycle-process:2.8.7] AndroidManifest.xml:31:17-49
75            <meta-data
75-->[com.russhwolf:multiplatform-settings-no-arg-android-debug:1.2.0] AndroidManifest.xml:29:13-31:52
76                android:name="com.russhwolf.settings.SettingsInitializer"
76-->[com.russhwolf:multiplatform-settings-no-arg-android-debug:1.2.0] AndroidManifest.xml:30:17-74
77                android:value="androidx.startup" />
77-->[com.russhwolf:multiplatform-settings-no-arg-android-debug:1.2.0] AndroidManifest.xml:31:17-49
78            <meta-data
78-->[androidx.profileinstaller:profileinstaller:1.3.1] AndroidManifest.xml:29:13-31:52
79                android:name="androidx.profileinstaller.ProfileInstallerInitializer"
79-->[androidx.profileinstaller:profileinstaller:1.3.1] AndroidManifest.xml:30:17-85
80                android:value="androidx.startup" />
80-->[androidx.profileinstaller:profileinstaller:1.3.1] AndroidManifest.xml:31:17-49
81        </provider>
82
83        <service
83-->[androidx.credentials:credentials-play-services-auth:1.3.0] AndroidManifest.xml:24:9-32:19
84            android:name="androidx.credentials.playservices.CredentialProviderMetadataHolder"
84-->[androidx.credentials:credentials-play-services-auth:1.3.0] AndroidManifest.xml:25:13-94
85            android:enabled="true"
85-->[androidx.credentials:credentials-play-services-auth:1.3.0] AndroidManifest.xml:26:13-35
86            android:exported="false" >
86-->[androidx.credentials:credentials-play-services-auth:1.3.0] AndroidManifest.xml:27:13-37
87            <meta-data
87-->[androidx.credentials:credentials-play-services-auth:1.3.0] AndroidManifest.xml:29:13-31:104
88                android:name="androidx.credentials.CREDENTIAL_PROVIDER_KEY"
88-->[androidx.credentials:credentials-play-services-auth:1.3.0] AndroidManifest.xml:30:17-76
89                android:value="androidx.credentials.playservices.CredentialProviderPlayServicesImpl" />
89-->[androidx.credentials:credentials-play-services-auth:1.3.0] AndroidManifest.xml:31:17-101
90        </service>
91
92        <activity
92-->[androidx.credentials:credentials-play-services-auth:1.3.0] AndroidManifest.xml:34:9-41:20
93            android:name="androidx.credentials.playservices.HiddenActivity"
93-->[androidx.credentials:credentials-play-services-auth:1.3.0] AndroidManifest.xml:35:13-76
94            android:configChanges="orientation|screenSize|screenLayout|keyboardHidden"
94-->[androidx.credentials:credentials-play-services-auth:1.3.0] AndroidManifest.xml:36:13-87
95            android:enabled="true"
95-->[androidx.credentials:credentials-play-services-auth:1.3.0] AndroidManifest.xml:37:13-35
96            android:exported="false"
96-->[androidx.credentials:credentials-play-services-auth:1.3.0] AndroidManifest.xml:38:13-37
97            android:fitsSystemWindows="true"
97-->[androidx.credentials:credentials-play-services-auth:1.3.0] AndroidManifest.xml:39:13-45
98            android:theme="@style/Theme.Hidden" >
98-->[androidx.credentials:credentials-play-services-auth:1.3.0] AndroidManifest.xml:40:13-48
99        </activity>
100        <activity
100-->[com.google.android.gms:play-services-auth:21.1.1] AndroidManifest.xml:23:9-27:75
101            android:name="com.google.android.gms.auth.api.signin.internal.SignInHubActivity"
101-->[com.google.android.gms:play-services-auth:21.1.1] AndroidManifest.xml:24:13-93
102            android:excludeFromRecents="true"
102-->[com.google.android.gms:play-services-auth:21.1.1] AndroidManifest.xml:25:13-46
103            android:exported="false"
103-->[com.google.android.gms:play-services-auth:21.1.1] AndroidManifest.xml:26:13-37
104            android:theme="@android:style/Theme.Translucent.NoTitleBar" />
104-->[com.google.android.gms:play-services-auth:21.1.1] AndroidManifest.xml:27:13-72
105        <!--
106            Service handling Google Sign-In user revocation. For apps that do not integrate with
107            Google Sign-In, this service will never be started.
108        -->
109        <service
109-->[com.google.android.gms:play-services-auth:21.1.1] AndroidManifest.xml:33:9-37:51
110            android:name="com.google.android.gms.auth.api.signin.RevocationBoundService"
110-->[com.google.android.gms:play-services-auth:21.1.1] AndroidManifest.xml:34:13-89
111            android:exported="true"
111-->[com.google.android.gms:play-services-auth:21.1.1] AndroidManifest.xml:35:13-36
112            android:permission="com.google.android.gms.auth.api.signin.permission.REVOCATION_NOTIFICATION"
112-->[com.google.android.gms:play-services-auth:21.1.1] AndroidManifest.xml:36:13-107
113            android:visibleToInstantApps="true" />
113-->[com.google.android.gms:play-services-auth:21.1.1] AndroidManifest.xml:37:13-48
114
115        <activity
115-->[com.google.android.gms:play-services-base:18.3.0] AndroidManifest.xml:20:9-22:45
116            android:name="com.google.android.gms.common.api.GoogleApiActivity"
116-->[com.google.android.gms:play-services-base:18.3.0] AndroidManifest.xml:20:19-85
117            android:exported="false"
117-->[com.google.android.gms:play-services-base:18.3.0] AndroidManifest.xml:22:19-43
118            android:theme="@android:style/Theme.Translucent.NoTitleBar" />
118-->[com.google.android.gms:play-services-base:18.3.0] AndroidManifest.xml:21:19-78
119
120        <meta-data
120-->[com.google.android.gms:play-services-basement:18.3.0] AndroidManifest.xml:21:9-23:69
121            android:name="com.google.android.gms.version"
121-->[com.google.android.gms:play-services-basement:18.3.0] AndroidManifest.xml:22:13-58
122            android:value="@integer/google_play_services_version" />
122-->[com.google.android.gms:play-services-basement:18.3.0] AndroidManifest.xml:23:13-66
123
124        <activity
124-->[androidx.compose.ui:ui-tooling-android:1.7.4] AndroidManifest.xml:23:9-25:39
125            android:name="androidx.compose.ui.tooling.PreviewActivity"
125-->[androidx.compose.ui:ui-tooling-android:1.7.4] AndroidManifest.xml:24:13-71
126            android:exported="true" />
126-->[androidx.compose.ui:ui-tooling-android:1.7.4] AndroidManifest.xml:25:13-36
127
128        <service
128-->[androidx.room:room-runtime:2.6.1] AndroidManifest.xml:24:9-28:63
129            android:name="androidx.room.MultiInstanceInvalidationService"
129-->[androidx.room:room-runtime:2.6.1] AndroidManifest.xml:25:13-74
130            android:directBootAware="true"
130-->[androidx.room:room-runtime:2.6.1] AndroidManifest.xml:26:13-43
131            android:exported="false" />
131-->[androidx.room:room-runtime:2.6.1] AndroidManifest.xml:27:13-37
132
133        <receiver
133-->[androidx.profileinstaller:profileinstaller:1.3.1] AndroidManifest.xml:34:9-52:20
134            android:name="androidx.profileinstaller.ProfileInstallReceiver"
134-->[androidx.profileinstaller:profileinstaller:1.3.1] AndroidManifest.xml:35:13-76
135            android:directBootAware="false"
135-->[androidx.profileinstaller:profileinstaller:1.3.1] AndroidManifest.xml:36:13-44
136            android:enabled="true"
136-->[androidx.profileinstaller:profileinstaller:1.3.1] AndroidManifest.xml:37:13-35
137            android:exported="true"
137-->[androidx.profileinstaller:profileinstaller:1.3.1] AndroidManifest.xml:38:13-36
138            android:permission="android.permission.DUMP" >
138-->[androidx.profileinstaller:profileinstaller:1.3.1] AndroidManifest.xml:39:13-57
139            <intent-filter>
139-->[androidx.profileinstaller:profileinstaller:1.3.1] AndroidManifest.xml:40:13-42:29
140                <action android:name="androidx.profileinstaller.action.INSTALL_PROFILE" />
140-->[androidx.profileinstaller:profileinstaller:1.3.1] AndroidManifest.xml:41:17-91
140-->[androidx.profileinstaller:profileinstaller:1.3.1] AndroidManifest.xml:41:25-88
141            </intent-filter>
142            <intent-filter>
142-->[androidx.profileinstaller:profileinstaller:1.3.1] AndroidManifest.xml:43:13-45:29
143                <action android:name="androidx.profileinstaller.action.SKIP_FILE" />
143-->[androidx.profileinstaller:profileinstaller:1.3.1] AndroidManifest.xml:44:17-85
143-->[androidx.profileinstaller:profileinstaller:1.3.1] AndroidManifest.xml:44:25-82
144            </intent-filter>
145            <intent-filter>
145-->[androidx.profileinstaller:profileinstaller:1.3.1] AndroidManifest.xml:46:13-48:29
146                <action android:name="androidx.profileinstaller.action.SAVE_PROFILE" />
146-->[androidx.profileinstaller:profileinstaller:1.3.1] AndroidManifest.xml:47:17-88
146-->[androidx.profileinstaller:profileinstaller:1.3.1] AndroidManifest.xml:47:25-85
147            </intent-filter>
148            <intent-filter>
148-->[androidx.profileinstaller:profileinstaller:1.3.1] AndroidManifest.xml:49:13-51:29
149                <action android:name="androidx.profileinstaller.action.BENCHMARK_OPERATION" />
149-->[androidx.profileinstaller:profileinstaller:1.3.1] AndroidManifest.xml:50:17-95
149-->[androidx.profileinstaller:profileinstaller:1.3.1] AndroidManifest.xml:50:25-92
150            </intent-filter>
151        </receiver>
152    </application>
153
154</manifest>